2022-06-24 12:21:10 Note: NumExpr detected 12 cores but "NUMEXPR_MAX_THREADS" not set, so enforcing safe limit of 8.
2022-06-24 12:21:10 NumExpr defaulting to 8 threads.
2022-06-24 12:21:13 Falling back to TensorFlow client; we recommended you install the Cloud TPU client directly with pip install cloud-tpu-client.
2022-06-24 12:21:13 Creating converter from 7 to 5
2022-06-24 12:21:13 Creating converter from 5 to 7
2022-06-24 12:21:13 Creating converter from 7 to 5
2022-06-24 12:21:13 Creating converter from 5 to 7
2022-06-24 12:21:32 pickle loaded: C:\Users\user\anaconda3\envs\tf_gpu\lib\site-packages\jedi\third_party\typeshed\stdlib\2and3\builtins.pyi
2022-06-24 12:21:32 pickle loaded: C:\Users\user\anaconda3\envs\tf_gpu\lib\site-packages\jedi\third_party\typeshed\stdlib\3\sys.pyi
2022-06-24 12:21:32 diff parser start
2022-06-24 12:21:32 line_lengths old: 1; new: 1
2022-06-24 12:21:32 -> code[replace] old[1:1] new[1:1]
2022-06-24 12:21:32 parse_part from 1 to 1 (to 0 in part parser)
2022-06-24 12:21:32 diff parser end
2022-06-24 12:21:33 diff parser start
2022-06-24 12:21:33 line_lengths old: 1; new: 1
2022-06-24 12:21:33 -> code[replace] old[1:1] new[1:1]
2022-06-24 12:21:33 parse_part from 1 to 1 (to 0 in part parser)
2022-06-24 12:21:33 diff parser end
2022-06-24 12:21:40 diff parser start
2022-06-24 12:21:40 line_lengths old: 1; new: 1
2022-06-24 12:21:40 -> code[replace] old[1:1] new[1:1]
2022-06-24 12:21:40 parse_part from 1 to 1 (to 0 in part parser)
2022-06-24 12:21:40 diff parser end
